<?xml version="1.0" encoding="UTF-8"?>
<!-- Generated by org.testng.reporters.JUnitReportReporter -->
<testsuite skipped="0" hostname="jaychh1ld1" name="com.phptravels.Testcases.Register_TC" tests="2" failures="0" timestamp="15 Jul 2019 10:46:14 GMT" time="12.607" errors="0">
  <testcase name="gotosignup" time="7.770" classname="com.phptravels.Testcases.Register_TC"/>
  <testcase name="verifytitle" time="4.837" classname="com.phptravels.Testcases.Register_TC"/>
</testsuite> <!-- com.phptravels.Testcases.Register_TC -->
