<?xml version="1.0" encoding="UTF-8"?>
<!-- Generated by org.testng.reporters.JUnitReportReporter -->
<testsuite skipped="0" hostname="jaychh1ld1" name="com.phptravels.Testcases.Register_TC" tests="2" failures="0" timestamp="15 Jul 2019 11:19:37 GMT" time="73.130" errors="0">
  <testcase name="gotosignup" time="53.725" classname="com.phptravels.Testcases.Register_TC"/>
  <testcase name="verifytitle" time="19.405" classname="com.phptravels.Testcases.Register_TC"/>
</testsuite> <!-- com.phptravels.Testcases.Register_TC -->
